{
"/Users/alejandro/Code/projects/datepicker/src/lib/date_helpers.ts":{"path":"/Users/alejandro/Code/projects/datepicker/src/lib/date_helpers.ts","statementMap":{"1":{"start":{"line":19,"column":0},"end":{"line":36,"column":0}},"2":{"start":{"line":26,"column":2},"end":{"line":26,"column":14}},"3":{"start":{"line":27,"column":2},"end":{"line":27,"column":15}},"4":{"start":{"line":28,"column":2},"end":{"line":28,"column":10}},"5":{"start":{"line":29,"column":2},"end":{"line":29,"column":14}},"6":{"start":{"line":31,"column":2},"end":{"line":31,"column":35}},"7":{"start":{"line":32,"column":2},"end":{"line":32,"column":36}},"8":{"start":{"line":33,"column":2},"end":{"line":33,"column":27}},"9":{"start":{"line":34,"column":2},"end":{"line":34,"column":35}},"10":{"start":{"line":36,"column":0},"end":{"line":36,"column":1}},"11":{"start":{"line":19,"column":13},"end":{"line":19,"column":20}},"12":{"start":{"line":39,"column":1},"end":{"line":39,"column":24}},"13":{"start":{"line":38,"column":0},"end":{"line":40,"column":1}},"14":{"start":{"line":43,"column":1},"end":{"line":43,"column":27}},"15":{"start":{"line":42,"column":0},"end":{"line":44,"column":1}},"16":{"start":{"line":47,"column":1},"end":{"line":47,"column":23}},"17":{"start":{"line":46,"column":0},"end":{"line":48,"column":1}},"18":{"start":{"line":50,"column":39},"end":{"line":50,"column":43}},"19":{"start":{"line":50,"column":45},"end":{"line":50,"column":50}},"20":{"start":{"line":51,"column":1},"end":{"line":51,"column":43}},"21":{"start":{"line":50,"column":0},"end":{"line":52,"column":1}},"22":{"start":{"line":54,"column":34},"end":{"line":54,"column":38}},"23":{"start":{"line":54,"column":40},"end":{"line":54,"column":45}},"24":{"start":{"line":54,"column":47},"end":{"line":54,"column":50}},"25":{"start":{"line":55,"column":1},"end":{"line":55,"column":44}},"26":{"start":{"line":54,"column":0},"end":{"line":56,"column":1}},"27":{"start":{"line":58,"column":32},"end":{"line":58,"column":36}},"28":{"start":{"line":58,"column":38},"end":{"line":58,"column":43}},"29":{"start":{"line":58,"column":45},"end":{"line":58,"column":48}},"30":{"start":{"line":59,"column":14},"end":{"line":59,"column":49}},"31":{"start":{"line":60,"column":26},"end":{"line":60,"column":63}},"32":{"start":{"line":61,"column":20},"end":{"line":61,"column":43}},"33":{"start":{"line":63,"column":1},"end":{"line":72,"column":5}},"34":{"start":{"line":65,"column":37},"end":{"line":72,"column":3}},"35":{"start":{"line":58,"column":0},"end":{"line":73,"column":1}}},"fnMap":{"1":{"name":"(anonymous_0)","line":19,"loc":{"start":{"line":19,"column":0},"end":{"line":19,"column":-1}}},"2":{"name":"DayItem","line":30,"loc":{"start":{"line":30,"column":20},"end":{"line":35,"column":2}}},"3":{"name":"getCurrentMonth","line":38,"loc":{"start":{"line":38,"column":42},"end":{"line":40,"column":1}}},"4":{"name":"getCurrentYear","line":42,"loc":{"start":{"line":42,"column":41},"end":{"line":44,"column":1}}},"5":{"name":"getCurrentDay","line":46,"loc":{"start":{"line":46,"column":40},"end":{"line":48,"column":1}}},"6":{"name":"getTotalDaysInAMonth","line":50,"loc":{"start":{"line":50,"column":61},"end":{"line":52,"column":1}}},"7":{"name":"getDayInTheWeek","line":54,"loc":{"start":{"line":54,"column":65},"end":{"line":56,"column":1}}},"8":{"name":"getMonthArray","line":58,"loc":{"start":{"line":58,"column":63},"end":{"line":73,"column":1}}},"9":{"name":"(anonymous_8)","line":65,"loc":{"start":{"line":65,"column":32},"end":{"line":72,"column":3}}}},"branchMap":{},"s":{"1":1,"2":28,"3":28,"4":28,"5":28,"6":28,"7":28,"8":28,"9":28,"10":1,"11":1,"12":1,"13":1,"14":1,"15":1,"16":2,"17":1,"18":2,"19":2,"20":2,"21":1,"22":29,"23":29,"24":29,"25":29,"26":1,"27":1,"28":1,"29":1,"30":1,"31":1,"32":1,"33":1,"34":28,"35":1},"b":{},"f":{"1":1,"2":28,"3":1,"4":1,"5":2,"6":2,"7":29,"8":1,"9":28},"code":"interface DateObj {\n\tyear: number;\n\tmonth: number;\n};\n\ninterface FullDateObj {\n\tyear: number;\n\tmonth: number;\n\tday: number\n};\n\ninterface DayItemInterface {\n\tdayOfTheWeek: number;\n\tdayInCalendar: number;\n\tisActive: boolean;\n\tisCurrentDay: boolean;\n};\n\nexport class DayItem implements DayItemInterface {\n\tdayOfTheWeek: number;\n\tdayInCalendar: number;\n\tisActive: boolean;\n\tisCurrentDay: boolean;\n\n\tconstructor({\n\t\tdayOfTheWeek,\n\t\tdayInCalendar,\n\t\tisActive,\n\t\tisCurrentDay\n\t}: DayItemInterface) {\n\t\tthis.dayOfTheWeek = dayOfTheWeek;\n\t\tthis.dayInCalendar = dayOfTheWeek;\n\t\tthis.isActive = isActive;\n\t\tthis.isCurrentDay = isCurrentDay;\n\t}\n};\n\nexport function getCurrentMonth(date: Date): number {\n\treturn date.getMonth();\n}\n\nexport function getCurrentYear(date: Date): number {\n\treturn date.getFullYear();\n}\n\nexport function getCurrentDay(date: Date): number {\n\treturn date.getDate();\n}\n\nexport function getTotalDaysInAMonth({ year, month }: DateObj): number {\n\treturn new Date(year, month, 0).getDate();\n}\n\nexport function getDayInTheWeek({ year, month, day }: FullDateObj): number {\n\treturn new Date(year, month, day).getDay();\n};\n\nexport function getMonthArray({ year, month, day }: FullDateObj): DayItem[] {\n\tconst date = new Date(`${year} ${month} ${day}`);\n\tconst totalDaysInMonth = getTotalDaysInAMonth({ year, month });\n\tconst currentDay = getCurrentDay(date) - 1;\n\n\treturn Array\n\t\t.apply(null, { length: totalDaysInMonth })\n\t\t.map((day: null, index: number) => (\n\t\t\tnew DayItem({\n\t\t\t\tdayOfTheWeek: getDayInTheWeek({ year, month, day: index }),\n\t\t\t\tdayInCalendar: index,\n\t\t\t\tisActive: true,\n\t\t\t\tisCurrentDay: index === currentDay\n\t\t\t})\n\t\t));\n}\n","l":{"19":1,"26":28,"27":28,"28":28,"29":28,"31":28,"32":28,"33":28,"34":28,"36":1,"38":1,"39":1,"42":1,"43":1,"46":1,"47":2,"50":2,"51":2,"54":29,"55":29,"58":1,"59":1,"60":1,"61":1,"63":1,"65":28}},
"/Users/alejandro/Code/projects/datepicker/src/index.ts":{"path":"/Users/alejandro/Code/projects/datepicker/src/index.ts","statementMap":{"1":{"start":{"line":1,"column":0},"end":{"line":1,"column":33}}},"fnMap":{},"branchMap":{},"s":{"1":0},"b":{},"f":{},"code":"console.log('Hey from index.ts');\n","l":{"1":0}}}
