TN:
SF:/Users/alejandro/Code/projects/datepicker/src/lib/date_helpers.ts
FN:19,(anonymous_0)
FN:30,DayItem
FN:38,getCurrentMonth
FN:42,getCurrentYear
FN:46,getCurrentDay
FN:50,getTotalDaysInAMonth
FN:54,getDayInTheWeek
FN:58,getMonthArray
FN:65,(anonymous_8)
FNF:9
FNH:9
FNDA:1,(anonymous_0)
FNDA:28,DayItem
FNDA:1,getCurrentMonth
FNDA:1,getCurrentYear
FNDA:2,getCurrentDay
FNDA:2,getTotalDaysInAMonth
FNDA:29,getDayInTheWeek
FNDA:1,getMonthArray
FNDA:28,(anonymous_8)
DA:19,1
DA:26,28
DA:27,28
DA:28,28
DA:29,28
DA:31,28
DA:32,28
DA:33,28
DA:34,28
DA:36,1
DA:38,1
DA:39,1
DA:42,1
DA:43,1
DA:46,1
DA:47,2
DA:50,2
DA:51,2
DA:54,29
DA:55,29
DA:58,1
DA:59,1
DA:60,1
DA:61,1
DA:63,1
DA:65,28
LF:26
LH:26
BRF:0
BRH:0
end_of_record
TN:
SF:/Users/alejandro/Code/projects/datepicker/src/index.ts
FNF:0
FNH:0
DA:1,0
LF:1
LH:0
BRF:0
BRH:0
end_of_record
