<?xml version="1.0" encoding="UTF-8"?>
<coverage generated="1489117485613" clover="3.2.0">
  <project timestamp="1489117485613" name="All files">
    <metrics statements="32" coveredstatements="29" conditionals="0" coveredconditionals="0" methods="9" coveredmethods="9" elements="41" coveredelements="38" complexity="0" loc="32" ncloc="32" packages="2" files="2" classes="2">
      <package name="src">
        <metrics statements="3" coveredstatements="0" conditionals="0" coveredconditionals="0" methods="0" coveredmethods="0"/>
        <file name="index.ts" path="/Users/alejandro/Code/projects/datepicker/src/index.ts">
          <metrics statements="3" coveredstatements="0" conditionals="0" coveredconditionals="0" methods="0" coveredmethods="0"/>
          <line num="1" count="0" type="stmt"/>
          <line num="2" count="0" type="stmt"/>
          <line num="3" count="0" type="stmt"/>
        </file>
      </package>
      <package name="src.lib">
        <metrics statements="29" coveredstatements="29" conditionals="0" coveredconditionals="0" methods="9" coveredmethods="9"/>
        <file name="date_helpers.ts" path="/Users/alejandro/Code/projects/datepicker/src/lib/date_helpers.ts">
          <metrics statements="29" coveredstatements="29" conditionals="0" coveredconditionals="0" methods="9" coveredmethods="9"/>
          <line num="1" count="1" type="stmt"/>
          <line num="2" count="1" type="stmt"/>
          <line num="6" count="1" type="stmt"/>
          <line num="8" count="28" type="stmt"/>
          <line num="9" count="28" type="stmt"/>
          <line num="10" count="28" type="stmt"/>
          <line num="11" count="28" type="stmt"/>
          <line num="12" count="28" type="stmt"/>
          <line num="14" count="1" type="stmt"/>
          <line num="16" count="1" type="stmt"/>
          <line num="19" count="1" type="stmt"/>
          <line num="21" count="1" type="stmt"/>
          <line num="23" count="1" type="stmt"/>
          <line num="25" count="1" type="stmt"/>
          <line num="27" count="2" type="stmt"/>
          <line num="29" count="1" type="stmt"/>
          <line num="31" count="2" type="stmt"/>
          <line num="32" count="2" type="stmt"/>
          <line num="34" count="1" type="stmt"/>
          <line num="36" count="29" type="stmt"/>
          <line num="37" count="29" type="stmt"/>
          <line num="39" count="1" type="stmt"/>
          <line num="42" count="1" type="stmt"/>
          <line num="43" count="1" type="stmt"/>
          <line num="44" count="1" type="stmt"/>
          <line num="45" count="1" type="stmt"/>
          <line num="46" count="1" type="stmt"/>
          <line num="48" count="28" type="stmt"/>
          <line num="55" count="1" type="stmt"/>
        </file>
      </package>
    </metrics>
  </project>
</coverage>
