{"/Users/alejandro/Code/projects/datepicker/src/index.ts": {"path":"/Users/alejandro/Code/projects/datepicker/src/index.ts","statementMap":{"0":{"start":{"line":1,"column":13},"end":{"line":1,"column":42}},"1":{"start":{"line":1,"column":42},"end":{"line":1,"column":55}},"2":{"start":{"line":2,"column":0},"end":{"line":2,"column":26}},"3":{"start":{"line":3,"column":0},"end":{"line":3,"column":33}}},"fnMap":{},"branchMap":{},"s":{"0":0,"1":0,"2":0,"3":0},"f":{},"b":{}}
,"/Users/alejandro/Code/projects/datepicker/src/lib/date_helpers.ts": {"path":"/Users/alejandro/Code/projects/datepicker/src/lib/date_helpers.ts","statementMap":{"0":{"start":{"line":1,"column":13},"end":{"line":1,"column":42}},"1":{"start":{"line":1,"column":42},"end":{"line":1,"column":55}},"2":{"start":{"line":2,"column":0},"end":{"line":2,"column":26}},"3":{"start":{"line":6,"column":15},"end":{"line":15,"column":3}},"4":{"start":{"line":8,"column":27},"end":{"line":8,"column":42}},"5":{"start":{"line":8,"column":60},"end":{"line":8,"column":76}},"6":{"start":{"line":8,"column":89},"end":{"line":8,"column":100}},"7":{"start":{"line":8,"column":117},"end":{"line":8,"column":132}},"8":{"start":{"line":9,"column":8},"end":{"line":9,"column":41}},"9":{"start":{"line":10,"column":8},"end":{"line":10,"column":42}},"10":{"start":{"line":11,"column":8},"end":{"line":11,"column":33}},"11":{"start":{"line":12,"column":8},"end":{"line":12,"column":41}},"12":{"start":{"line":14,"column":4},"end":{"line":14,"column":19}},"13":{"start":{"line":16,"column":0},"end":{"line":16,"column":26}},"14":{"start":{"line":19,"column":4},"end":{"line":19,"column":27}},"15":{"start":{"line":21,"column":0},"end":{"line":21,"column":42}},"16":{"start":{"line":23,"column":4},"end":{"line":23,"column":30}},"17":{"start":{"line":25,"column":0},"end":{"line":25,"column":40}},"18":{"start":{"line":27,"column":4},"end":{"line":27,"column":26}},"19":{"start":{"line":29,"column":0},"end":{"line":29,"column":38}},"20":{"start":{"line":31,"column":15},"end":{"line":31,"column":22}},"21":{"start":{"line":31,"column":32},"end":{"line":31,"column":40}},"22":{"start":{"line":32,"column":4},"end":{"line":32,"column":46}},"23":{"start":{"line":34,"column":0},"end":{"line":34,"column":52}},"24":{"start":{"line":36,"column":15},"end":{"line":36,"column":22}},"25":{"start":{"line":36,"column":32},"end":{"line":36,"column":40}},"26":{"start":{"line":36,"column":48},"end":{"line":36,"column":54}},"27":{"start":{"line":37,"column":4},"end":{"line":37,"column":47}},"28":{"start":{"line":39,"column":0},"end":{"line":39,"column":42}},"29":{"start":{"line":42,"column":15},"end":{"line":42,"column":22}},"30":{"start":{"line":42,"column":32},"end":{"line":42,"column":40}},"31":{"start":{"line":42,"column":48},"end":{"line":42,"column":54}},"32":{"start":{"line":43,"column":15},"end":{"line":43,"column":55}},"33":{"start":{"line":44,"column":27},"end":{"line":44,"column":77}},"34":{"start":{"line":45,"column":21},"end":{"line":45,"column":44}},"35":{"start":{"line":46,"column":4},"end":{"line":53,"column":12}},"36":{"start":{"line":48,"column":37},"end":{"line":53,"column":8}},"37":{"start":{"line":55,"column":0},"end":{"line":55,"column":38}}},"fnMap":{"0":{"name":"(anonymous_0)","decl":{"start":{"line":6,"column":15},"end":{"line":6,"column":16}},"loc":{"start":{"line":6,"column":27},"end":{"line":15,"column":1}}},"1":{"name":"DayItem","decl":{"start":{"line":7,"column":13},"end":{"line":7,"column":20}},"loc":{"start":{"line":7,"column":25},"end":{"line":13,"column":5}}},"2":{"name":"getCurrentMonth","decl":{"start":{"line":18,"column":9},"end":{"line":18,"column":24}},"loc":{"start":{"line":18,"column":31},"end":{"line":20,"column":1}}},"3":{"name":"getCurrentYear","decl":{"start":{"line":22,"column":9},"end":{"line":22,"column":23}},"loc":{"start":{"line":22,"column":30},"end":{"line":24,"column":1}}},"4":{"name":"getCurrentDay","decl":{"start":{"line":26,"column":9},"end":{"line":26,"column":22}},"loc":{"start":{"line":26,"column":29},"end":{"line":28,"column":1}}},"5":{"name":"getTotalDaysInAMonth","decl":{"start":{"line":30,"column":9},"end":{"line":30,"column":29}},"loc":{"start":{"line":30,"column":34},"end":{"line":33,"column":1}}},"6":{"name":"getDayInTheWeek","decl":{"start":{"line":35,"column":9},"end":{"line":35,"column":24}},"loc":{"start":{"line":35,"column":29},"end":{"line":38,"column":1}}},"7":{"name":"getMonthArray","decl":{"start":{"line":41,"column":9},"end":{"line":41,"column":22}},"loc":{"start":{"line":41,"column":27},"end":{"line":54,"column":1}}},"8":{"name":"(anonymous_8)","decl":{"start":{"line":48,"column":13},"end":{"line":48,"column":14}},"loc":{"start":{"line":48,"column":35},"end":{"line":53,"column":10}}}},"branchMap":{},"s":{"0":1,"1":1,"2":1,"3":1,"4":28,"5":28,"6":28,"7":28,"8":28,"9":28,"10":28,"11":28,"12":1,"13":1,"14":1,"15":1,"16":1,"17":1,"18":2,"19":1,"20":2,"21":2,"22":2,"23":1,"24":29,"25":29,"26":29,"27":29,"28":1,"29":1,"30":1,"31":1,"32":1,"33":1,"34":1,"35":1,"36":28,"37":1},"f":{"0":1,"1":28,"2":1,"3":1,"4":2,"5":2,"6":29,"7":1,"8":28},"b":{},"inputSourceMap":{"version":3,"file":"date_helpers.js","sourceRoot":"","sources":["date_helpers.ts"],"names":[],"mappings":";;AAGC,CAAC;AAMD,CAAC;AAOD,CAAC;AAEF;IAMC,iBAAY,EAKO;YAJlB,8BAAY,EACZ,gCAAa,EACb,sBAAQ,EACR,8BAAY;QAEZ,IAAI,CAAC,YAAY,GAAG,YAAY,CAAC;QACjC,IAAI,CAAC,aAAa,GAAG,YAAY,CAAC;QAClC,IAAI,CAAC,QAAQ,GAAG,QAAQ,CAAC;QACzB,IAAI,CAAC,YAAY,GAAG,YAAY,CAAC;IAClC,CAAC;IACF,cAAC;AAAD,CAAC,AAjBD,IAiBC;AAjBY,0BAAO;AAiBnB,CAAC;AAEF,yBAAgC,IAAU;IACzC,MAAM,CAAC,IAAI,CAAC,QAAQ,EAAE,CAAC;AACxB,CAAC;AAFD,0CAEC;AAED,wBAA+B,IAAU;IACxC,MAAM,CAAC,IAAI,CAAC,WAAW,EAAE,CAAC;AAC3B,CAAC;AAFD,wCAEC;AAED,uBAA8B,IAAU;IACvC,MAAM,CAAC,IAAI,CAAC,OAAO,EAAE,CAAC;AACvB,CAAC;AAFD,sCAEC;AAED,8BAAqC,EAAwB;QAAtB,cAAI,EAAE,gBAAK;IACjD,MAAM,CAAC,IAAI,IAAI,CAAC,IAAI,EAAE,KAAK,EAAE,CAAC,CAAC,CAAC,OAAO,EAAE,CAAC;AAC3C,CAAC;AAFD,oDAEC;AAED,yBAAgC,EAAiC;QAA/B,cAAI,EAAE,gBAAK,EAAE,YAAG;IACjD,MAAM,CAAC,IAAI,IAAI,CAAC,IAAI,EAAE,KAAK,EAAE,GAAG,CAAC,CAAC,MAAM,EAAE,CAAC;AAC5C,CAAC;AAFD,0CAEC;AAAA,CAAC;AAEF,uBAA8B,EAAiC;QAA/B,cAAI,EAAE,gBAAK,EAAE,YAAG;IAC/C,IAAM,IAAI,GAAG,IAAI,IAAI,CAAI,IAAI,SAAI,KAAK,SAAI,GAAK,CAAC,CAAC;IACjD,IAAM,gBAAgB,GAAG,oBAAoB,CAAC,EAAE,IAAI,MAAA,EAAE,KAAK,OAAA,EAAE,CAAC,CAAC;IAC/D,IAAM,UAAU,GAAG,aAAa,CAAC,IAAI,CAAC,GAAG,CAAC,CAAC;IAE3C,MAAM,CAAC,KAAK;SACV,KAAK,CAAC,IAAI,EAAE,EAAE,MAAM,EAAE,gBAAgB,EAAE,CAAC;SACzC,GAAG,CAAC,UAAC,GAAS,EAAE,KAAa,IAAK,OAAA,CAClC,IAAI,OAAO,CAAC;QACX,YAAY,EAAE,eAAe,CAAC,EAAE,IAAI,MAAA,EAAE,KAAK,OAAA,EAAE,GAAG,EAAE,KAAK,EAAE,CAAC;QAC1D,aAAa,EAAE,KAAK;QACpB,QAAQ,EAAE,IAAI;QACd,YAAY,EAAE,KAAK,KAAK,UAAU;KAClC,CAAC,CACF,EAPkC,CAOlC,CAAC,CAAC;AACL,CAAC;AAfD,sCAeC","sourcesContent":["interface DateObj {\n\tyear: number;\n\tmonth: number;\n};\n\ninterface FullDateObj {\n\tyear: number;\n\tmonth: number;\n\tday: number\n};\n\ninterface DayItemInterface {\n\tdayOfTheWeek: number;\n\tdayInCalendar: number;\n\tisActive: boolean;\n\tisCurrentDay: boolean;\n};\n\nexport class DayItem implements DayItemInterface {\n\tdayOfTheWeek: number;\n\tdayInCalendar: number;\n\tisActive: boolean;\n\tisCurrentDay: boolean;\n\n\tconstructor({\n\t\tdayOfTheWeek,\n\t\tdayInCalendar,\n\t\tisActive,\n\t\tisCurrentDay\n\t}: DayItemInterface) {\n\t\tthis.dayOfTheWeek = dayOfTheWeek;\n\t\tthis.dayInCalendar = dayOfTheWeek;\n\t\tthis.isActive = isActive;\n\t\tthis.isCurrentDay = isCurrentDay;\n\t}\n};\n\nexport function getCurrentMonth(date: Date): number {\n\treturn date.getMonth();\n}\n\nexport function getCurrentYear(date: Date): number {\n\treturn date.getFullYear();\n}\n\nexport function getCurrentDay(date: Date): number {\n\treturn date.getDate();\n}\n\nexport function getTotalDaysInAMonth({ year, month }: DateObj): number {\n\treturn new Date(year, month, 0).getDate();\n}\n\nexport function getDayInTheWeek({ year, month, day }: FullDateObj): number {\n\treturn new Date(year, month, day).getDay();\n};\n\nexport function getMonthArray({ year, month, day }: FullDateObj): DayItem[] {\n\tconst date = new Date(`${year} ${month} ${day}`);\n\tconst totalDaysInMonth = getTotalDaysInAMonth({ year, month });\n\tconst currentDay = getCurrentDay(date) - 1;\n\n\treturn Array\n\t\t.apply(null, { length: totalDaysInMonth })\n\t\t.map((day: null, index: number) => (\n\t\t\tnew DayItem({\n\t\t\t\tdayOfTheWeek: getDayInTheWeek({ year, month, day: index }),\n\t\t\t\tdayInCalendar: index,\n\t\t\t\tisActive: true,\n\t\t\t\tisCurrentDay: index === currentDay\n\t\t\t})\n\t\t));\n}\n"]},"_coverageSchema":"332fd63041d2c1bcb487cc26dd0d5f7d97098a6c","hash":"23e2517990c38651eabd7bf9381f85651e55b004"}
}
