TN:
SF:/Users/alejandro/Code/projects/datepicker/src/index.ts
FNF:0
FNH:0
DA:1,0
DA:2,0
DA:3,0
LF:3
LH:0
BRF:0
BRH:0
end_of_record
TN:
SF:/Users/alejandro/Code/projects/datepicker/src/lib/date_helpers.ts
FN:6,(anonymous_0)
FN:7,DayItem
FN:18,getCurrentMonth
FN:22,getCurrentYear
FN:26,getCurrentDay
FN:30,getTotalDaysInAMonth
FN:35,getDayInTheWeek
FN:41,getMonthArray
FN:48,(anonymous_8)
FNF:9
FNH:9
FNDA:1,(anonymous_0)
FNDA:28,DayItem
FNDA:1,getCurrentMonth
FNDA:1,getCurrentYear
FNDA:2,getCurrentDay
FNDA:2,getTotalDaysInAMonth
FNDA:29,getDayInTheWeek
FNDA:1,getMonthArray
FNDA:28,(anonymous_8)
DA:1,1
DA:2,1
DA:6,1
DA:8,28
DA:9,28
DA:10,28
DA:11,28
DA:12,28
DA:14,1
DA:16,1
DA:19,1
DA:21,1
DA:23,1
DA:25,1
DA:27,2
DA:29,1
DA:31,2
DA:32,2
DA:34,1
DA:36,29
DA:37,29
DA:39,1
DA:42,1
DA:43,1
DA:44,1
DA:45,1
DA:46,1
DA:48,28
DA:55,1
LF:29
LH:29
BRF:0
BRH:0
end_of_record
